
Программа запущена. 2022-01-10 13:54:45.726195
Необходимо обновить версию ChromeDriver. 2022-01-10 13:54:48.915747
Аварийное отключение программы. 2022-01-10 13:54:48.916740
Отключение от сайта https://smev3.gosuslugi.ru/portal 2022-01-10 13:54:48.917717
Программа запущена. 2022-01-10 13:56:23.089419
Подключение к сайту https://smev3.gosuslugi.ru/portal...2022-01-10 13:56:24.664208
Подключение прошло успешно2022-01-10 13:56:28.537930
Сообщение успешно отправлено
Сообщение успешно отправлено
Сообщение успешно отправлено
Отключение от сайта https://smev3.gosuslugi.ru/portal 2022-01-10 13:56:35.846298
Отключение прошло успешно. 2022-01-10 13:56:35.910122
Подключение к сайту https://smev3.gosuslugi.ru/portal/news.jsp...2022-01-10 13:56:37.369219
Подключение прошло успешно2022-01-10 13:56:38.920155
На странице https://smev3.gosuslugi.ru/portal/news.jsp новых новостей не обнаружено. 2022-01-10 13:56:50.089281
Отключение от сайта https://smev3.gosuslugi.ru/portal/news.jsp 2022-01-10 13:56:50.090195
Отключение прошло успешно. 2022-01-10 13:56:50.152021
Подключение к сайту https://dom.gosuslugi.ru/#!/regulations...2022-01-10 13:56:51.598155
Подключение прошло успешно2022-01-10 13:56:56.188878
Отключение от сайта https://dom.gosuslugi.ru/#!/regulations 2022-01-10 13:57:09.467437
Отключение прошло успешно. 2022-01-10 13:57:09.569077
Подключение к сайту https://fssp.gov.ru/mvv_fssp/...2022-01-10 13:57:10.981300
Подключение прошло успешно2022-01-10 13:57:13.185411
Отключение от сайта https://fssp.gov.ru/mvv_fssp/ 2022-01-10 13:57:22.417702
Отключение прошло успешно. 2022-01-10 13:57:22.504470
Подключение к сайту https://pfr.gov.ru/info/af/...2022-01-10 13:57:23.945616
Подключение прошло успешно2022-01-10 13:57:46.714767
Отключение от сайта https://pfr.gov.ru/info/af/ 2022-01-10 13:57:46.898243
Отключение прошло успешно. 2022-01-10 13:57:46.985976
Сообщение успешно отправлено
Сообщение успешно отправлено
Сообщение успешно отправлено
Программа выполнена. 2022-01-10 13:59:09.190058

Программа запущена. 2022-01-10 16:22:30.149404
Подключение к сайту https://smev3.gosuslugi.ru/portal...2022-01-10 16:22:32.504106
Подключение прошло успешно2022-01-10 16:22:36.949305
Сообщение успешно отправлено
Отключение от сайта https://smev3.gosuslugi.ru/portal 2022-01-10 16:22:44.558888
Отключение прошло успешно. 2022-01-10 16:22:44.604738
Программа запущена. 2022-01-10 16:24:07.335194
Подключение к сайту https://smev3.gosuslugi.ru/portal...2022-01-10 16:24:08.757392
Подключение прошло успешно2022-01-10 16:24:10.603534
На странице https://smev3.gosuslugi.ru/portal новых новостей не обнаружено. 2022-01-10 16:24:10.811893
Отключение от сайта https://smev3.gosuslugi.ru/portal 2022-01-10 16:24:10.811893
Отключение прошло успешно. 2022-01-10 16:24:10.846799
Подключение к сайту https://smev3.gosuslugi.ru/portal/news.jsp...2022-01-10 16:24:12.504365
Подключение прошло успешно2022-01-10 16:24:14.368466
На странице https://smev3.gosuslugi.ru/portal/news.jsp новых новостей не обнаружено. 2022-01-10 16:24:26.435100
Отключение от сайта https://smev3.gosuslugi.ru/portal/news.jsp 2022-01-10 16:24:26.436098
Отключение прошло успешно. 2022-01-10 16:24:26.509896
Подключение к сайту https://dom.gosuslugi.ru/#!/regulations...2022-01-10 16:24:28.032826
Подключение прошло успешно2022-01-10 16:24:32.256523
Отключение от сайта https://dom.gosuslugi.ru/#!/regulations 2022-01-10 16:24:32.386179
Retrying (Retry(total=2, connect=None, read=None, redirect=None, status=None)) after connection broken by 'ProtocolError('Connection aborted.', ConnectionResetError(10054, 'Удаленный хост принудительно разорвал существующее подключение', None, 10054, None))': /session/35707a5f66ce38ac74e9156de6327e62/window
Программа запущена. 2022-01-10 16:24:57.047681
Подключение к сайту https://smev3.gosuslugi.ru/portal...2022-01-10 16:24:58.440998
Подключение прошло успешно2022-01-10 16:25:00.402705
Сообщение успешно отправлено
Сообщение успешно отправлено
Отключение от сайта https://smev3.gosuslugi.ru/portal 2022-01-10 16:25:03.691905
Отключение прошло успешно. 2022-01-10 16:25:03.767700
Подключение к сайту https://smev3.gosuslugi.ru/portal/news.jsp...2022-01-10 16:25:05.277662
Подключение прошло успешно2022-01-10 16:25:07.011113
На странице https://smev3.gosuslugi.ru/portal/news.jsp новых новостей не обнаружено. 2022-01-10 16:25:18.546186
Отключение от сайта https://smev3.gosuslugi.ru/portal/news.jsp 2022-01-10 16:25:18.546186
Отключение прошло успешно. 2022-01-10 16:25:18.617973
Подключение к сайту https://dom.gosuslugi.ru/#!/regulations...2022-01-10 16:25:20.196812
Подключение прошло успешно2022-01-10 16:25:25.414799
Отключение от сайта https://dom.gosuslugi.ru/#!/regulations 2022-01-10 16:25:27.665767
Программа запущена. 2022-01-10 16:25:45.413288
Подключение к сайту https://smev3.gosuslugi.ru/portal...2022-01-10 16:25:48.144980
Подключение прошло успешно2022-01-10 16:25:52.146275
На странице https://smev3.gosuslugi.ru/portal новых новостей не обнаружено. 2022-01-10 16:25:52.238029
Отключение от сайта https://smev3.gosuslugi.ru/portal 2022-01-10 16:25:52.238029
Отключение прошло успешно. 2022-01-10 16:25:52.359705
Подключение к сайту https://smev3.gosuslugi.ru/portal/news.jsp...2022-01-10 16:25:55.039538
Подключение прошло успешно2022-01-10 16:25:58.529798
На странице https://smev3.gosuslugi.ru/portal/news.jsp новых новостей не обнаружено. 2022-01-10 16:26:09.416604
Отключение от сайта https://smev3.gosuslugi.ru/portal/news.jsp 2022-01-10 16:26:09.417601
Отключение прошло успешно. 2022-01-10 16:26:09.649974
Подключение к сайту https://dom.gosuslugi.ru/#!/regulations...2022-01-10 16:26:12.372691
Подключение прошло успешно2022-01-10 16:26:29.101476
Отключение от сайта https://dom.gosuslugi.ru/#!/regulations 2022-01-10 16:26:39.301192
Отключение прошло успешно. 2022-01-10 16:26:44.224015
Подключение к сайту https://fssp.gov.ru/mvv_fssp/...2022-01-10 16:26:46.759234
Подключение прошло успешно2022-01-10 16:26:54.697049
Отключение от сайта https://fssp.gov.ru/mvv_fssp/ 2022-01-10 16:27:05.373434
Отключение прошло успешно. 2022-01-10 16:27:09.482737
Подключение к сайту https://pfr.gov.ru/info/af/...2022-01-10 16:27:12.115692
Подключение прошло успешно2022-01-10 16:27:36.880443
Отключение от сайта https://pfr.gov.ru/info/af/ 2022-01-10 16:27:37.123789
Отключение прошло успешно. 2022-01-10 16:27:41.261719
Сообщение успешно отправлено
Сообщение успешно отправлено
Программа выполнена. 2022-01-10 16:28:52.084255

Программа запущена. 2022-01-10 16:29:38.353244
Подключение к сайту https://smev3.gosuslugi.ru/portal/news.jsp...2022-01-10 16:29:40.871508
Подключение прошло успешно2022-01-10 16:29:44.276486
На странице https://smev3.gosuslugi.ru/portal/news.jsp новых новостей не обнаружено. 2022-01-10 16:29:55.260015
Отключение от сайта https://smev3.gosuslugi.ru/portal/news.jsp 2022-01-10 16:29:55.260015
Отключение прошло успешно. 2022-01-10 16:29:55.509347
Сообщение успешно отправлено
Сообщение успешно отправлено
Программа выполнена. 2022-01-10 16:31:14.635193

Программа запущена. 2022-01-10 16:35:54.740494
Подключение к сайту https://smev3.gosuslugi.ru/portal/news.jsp...2022-01-10 16:35:56.200600
Подключение прошло успешно2022-01-10 16:35:57.743667
На странице https://smev3.gosuslugi.ru/portal/news.jsp новых новостей не обнаружено. 2022-01-10 16:36:08.534309
Отключение от сайта https://smev3.gosuslugi.ru/portal/news.jsp 2022-01-10 16:36:08.535241
Отключение прошло успешно. 2022-01-10 16:36:08.753244
Новых версий файлов не обнаружено.2022-01-10 16:36:08.866085
Программа выполнена. 2022-01-10 16:36:08.866085

Программа запущена. 2022-01-10 16:36:52.585542
Подключение к сайту https://smev3.gosuslugi.ru/portal/news.jsp 2022-01-10 16:36:54.014563
Подключение прошло успешно2022-01-10 16:36:55.446569
На странице https://smev3.gosuslugi.ru/portal/news.jsp новых новостей не обнаружено. 2022-01-10 16:37:06.194852
Отключение от сайта https://smev3.gosuslugi.ru/portal/news.jsp 2022-01-10 16:37:06.194852
Отключение прошло успешно. 2022-01-10 16:37:06.293467
Новых версий файлов не обнаружено.2022-01-10 16:37:06.397726
Программа выполнена. 2022-01-10 16:37:06.397726

Программа запущена. 2022-01-10 17:24:39.129212
Подключение к сайту https://smev3.gosuslugi.ru/portal/news.jsp 2022-01-10 17:24:41.138459
Подключение прошло успешно2022-01-10 17:24:42.509609
На странице https://smev3.gosuslugi.ru/portal/news.jsp новых новостей не обнаружено. 2022-01-10 17:24:53.600842
Отключение от сайта https://smev3.gosuslugi.ru/portal/news.jsp 2022-01-10 17:24:53.601769
Отключение прошло успешно. 2022-01-10 17:24:53.698932
Сообщение успешно отправлено
Сообщение успешно отправлено
Программа выполнена. 2022-01-10 17:25:53.217177

Программа запущена. 2022-01-10 17:28:35.037769
Подключение к сайту https://smev3.gosuslugi.ru/portal/news.jsp 2022-01-10 17:28:36.527641
Подключение прошло успешно2022-01-10 17:28:37.978206
На странице https://smev3.gosuslugi.ru/portal/news.jsp новых новостей не обнаружено. 2022-01-10 17:28:48.885100
Отключение от сайта https://smev3.gosuslugi.ru/portal/news.jsp 2022-01-10 17:28:48.886131
Отключение прошло успешно. 2022-01-10 17:28:49.006779
Программа запущена. 2022-01-10 17:29:35.803643
Подключение к сайту https://smev3.gosuslugi.ru/portal/news.jsp 2022-01-10 17:29:37.298061
Подключение прошло успешно2022-01-10 17:29:38.746723
Отключение от сайта https://smev3.gosuslugi.ru/portal/news.jsp 2022-01-10 17:30:18.407543
Программа запущена. 2022-01-10 18:48:34.346759
Подключение к сайту https://smev3.gosuslugi.ru/portal/news.jsp 2022-01-10 18:48:35.882239
Подключение прошло успешно2022-01-10 18:48:37.377662
На странице https://smev3.gosuslugi.ru/portal/news.jsp новых новостей не обнаружено. 2022-01-10 18:48:48.333375
Отключение от сайта https://smev3.gosuslugi.ru/portal/news.jsp 2022-01-10 18:48:48.333375
Отключение прошло успешно. 2022-01-10 18:48:48.435670
Программа запущена. 2022-01-10 18:49:04.951951
Подключение к сайту https://smev3.gosuslugi.ru/portal/news.jsp 2022-01-10 18:49:06.573759
Подключение прошло успешно2022-01-10 18:49:08.086955
На странице https://smev3.gosuslugi.ru/portal/news.jsp новых новостей не обнаружено. 2022-01-10 18:49:18.791789
Отключение от сайта https://smev3.gosuslugi.ru/portal/news.jsp 2022-01-10 18:49:18.791789
Отключение прошло успешно. 2022-01-10 18:49:18.905485
Возникла ошибка при работе с файлами Форма_заявки_на_другие_изменения_ИС_в_СМЭВ_3_27_08_2021.docx и Форма_заявки_на_другие_изменения_ИС_в_СМЭВ_3_10_01_2022.docx 2022-01-10 18:49:38.132117
Traceback (most recent call last):
  File "C:\Users\Дмитрий\PycharmProjects\pythonProject\newparser.py", line 344, in comparing
    info_comp.append('В файле ' + filename + ' присутствуют изменения, которые записаны в файл ' + ntpath.basename(compare_docs(change_name(filename), change_name(dir_file), str(ROOT_DIR) + r"\downloads\\" , str(ROOT_DIR) + r"\downloads\\")) + '\n')
  File "C:\Users\Дмитрий\PycharmProjects\pythonProject\newparser.py", line 574, in compare_docs
    word.ActiveDocument.SaveAs(FileName=path + name)
  File "C:\Users\AACE~1\AppData\Local\Temp\gen_py\3.9\00020905-0000-0000-C000-000000000046x0x8x7\_Document.py", line 457, in SaveAs
    return self._oleobj_.InvokeTypes(376, LCID, 1, (24, 0), ((16396, 17), (16396, 17), (16396, 17), (16396, 17), (16396, 17), (16396, 17), (16396, 17), (16396, 17), (16396, 17), (16396, 17), (16396, 17), (16396, 17), (16396, 17), (16396, 17), (16396, 17), (16396, 17)),FileName
pywintypes.com_error: (-2147418111, 'Вызов был отклонен.', None, None)
Сообщение успешно отправлено
Сообщение успешно отправлено
Программа выполнена. 2022-01-10 18:50:05.976711

Программа запущена. 2022-01-10 18:56:42.761347
Подключение к сайту https://smev3.gosuslugi.ru/portal/news.jsp 2022-01-10 18:56:44.342984
Подключение прошло успешно2022-01-10 18:56:45.823985
На странице https://smev3.gosuslugi.ru/portal/news.jsp новых новостей не обнаружено. 2022-01-10 18:56:56.894910
Отключение от сайта https://smev3.gosuslugi.ru/portal/news.jsp 2022-01-10 18:56:56.895828
Отключение прошло успешно. 2022-01-10 18:56:57.032460
Программа запущена. 2022-01-10 18:59:04.471174
Подключение к сайту https://smev3.gosuslugi.ru/portal/news.jsp 2022-01-10 18:59:05.991862
Подключение прошло успешно2022-01-10 18:59:07.393098
На странице https://smev3.gosuslugi.ru/portal/news.jsp новых новостей не обнаружено. 2022-01-10 18:59:18.171572
Отключение от сайта https://smev3.gosuslugi.ru/portal/news.jsp 2022-01-10 18:59:18.171572
Отключение прошло успешно. 2022-01-10 18:59:18.278152
Программа запущена. 2022-01-10 18:59:57.822324
Программа запущена. 2022-01-10 19:00:03.344546
Программа запущена. 2022-01-10 19:01:03.131296
Подключение к сайту https://smev3.gosuslugi.ru/portal/news.jsp 2022-01-10 19:01:04.597002
Подключение прошло успешно2022-01-10 19:01:06.095429
На странице https://smev3.gosuslugi.ru/portal/news.jsp новых новостей не обнаружено. 2022-01-10 19:01:16.696916
Отключение от сайта https://smev3.gosuslugi.ru/portal/news.jsp 2022-01-10 19:01:16.697907
Отключение прошло успешно. 2022-01-10 19:01:16.789659
Программа запущена. 2022-01-10 19:01:54.044812
Подключение к сайту https://smev3.gosuslugi.ru/portal/news.jsp 2022-01-10 19:01:55.719748
Подключение прошло успешно2022-01-10 19:01:57.210791
На странице https://smev3.gosuslugi.ru/portal/news.jsp новых новостей не обнаружено. 2022-01-10 19:02:08.611574
Отключение от сайта https://smev3.gosuslugi.ru/portal/news.jsp 2022-01-10 19:02:08.612579
Отключение прошло успешно. 2022-01-10 19:02:08.704327
Программа запущена. 2022-01-10 19:05:50.508891
Подключение к сайту https://smev3.gosuslugi.ru/portal/news.jsp 2022-01-10 19:05:52.648826
Подключение прошло успешно2022-01-10 19:05:54.056059
На странице https://smev3.gosuslugi.ru/portal/news.jsp новых новостей не обнаружено. 2022-01-10 19:06:05.453579
Отключение от сайта https://smev3.gosuslugi.ru/portal/news.jsp 2022-01-10 19:06:05.454582
Отключение прошло успешно. 2022-01-10 19:06:05.646596
Сообщение успешно отправлено
Программа запущена. 2022-01-10 19:06:58.583802
Подключение к сайту https://smev3.gosuslugi.ru/portal/news.jsp 2022-01-10 19:07:00.221373
Подключение прошло успешно2022-01-10 19:07:01.583024
На странице https://smev3.gosuslugi.ru/portal/news.jsp новых новостей не обнаружено. 2022-01-10 19:07:12.172136
Отключение от сайта https://smev3.gosuslugi.ru/portal/news.jsp 2022-01-10 19:07:12.173133
Отключение прошло успешно. 2022-01-10 19:07:12.248930
Программа запущена. 2022-01-10 19:07:29.338367
Подключение к сайту https://smev3.gosuslugi.ru/portal/news.jsp 2022-01-10 19:07:30.885011
Подключение прошло успешно2022-01-10 19:07:32.807916
На странице https://smev3.gosuslugi.ru/portal/news.jsp новых новостей не обнаружено. 2022-01-10 19:07:43.631805
Отключение от сайта https://smev3.gosuslugi.ru/portal/news.jsp 2022-01-10 19:07:43.631805
Отключение прошло успешно. 2022-01-10 19:07:43.776421
Возникла ошибка при работе с файлами Форма_заявки_на_другие_изменения_ИС_в_СМЭВ_3_27_08_2021.docx и Форма_заявки_на_другие_изменения_ИС_в_СМЭВ_3_10_01_2022.docx 2022-01-10 19:08:02.383358
Traceback (most recent call last):
  File "C:\Users\Дмитрий\PycharmProjects\pythonProject\newparser.py", line 344, in comparing
    info_comp.append('В файле ' + filename + ' присутствуют изменения, которые записаны в файл ' + ntpath.basename(compare_docs(change_name(filename), change_name(dir_file), str(ROOT_DIR) + r"\downloads\\" , str(ROOT_DIR) + r"\downloads\\")) + '\n')
  File "C:\Users\Дмитрий\PycharmProjects\pythonProject\newparser.py", line 577, in compare_docs
    word.ActiveDocument.SaveAs(FileName=path + name)
  File "C:\Users\AACE~1\AppData\Local\Temp\gen_py\3.9\00020905-0000-0000-C000-000000000046x0x8x7\_Document.py", line 457, in SaveAs
    return self._oleobj_.InvokeTypes(376, LCID, 1, (24, 0), ((16396, 17), (16396, 17), (16396, 17), (16396, 17), (16396, 17), (16396, 17), (16396, 17), (16396, 17), (16396, 17), (16396, 17), (16396, 17), (16396, 17), (16396, 17), (16396, 17), (16396, 17), (16396, 17)),FileName
pywintypes.com_error: (-2147418111, 'Вызов был отклонен.', None, None)
Программа запущена. 2022-01-10 19:10:43.912270
Программа запущена. 2022-01-10 19:11:06.332368
Подключение к сайту https://smev3.gosuslugi.ru/portal/news.jsp 2022-01-10 19:11:08.207177
Подключение прошло успешно2022-01-10 19:11:10.231110
Отключение от сайта https://smev3.gosuslugi.ru/portal/news.jsp 2022-01-10 19:11:21.052255
Программа запущена. 2022-01-10 19:11:49.247886
Подключение к сайту https://smev3.gosuslugi.ru/portal/news.jsp 2022-01-10 19:11:50.673693
Подключение прошло успешно2022-01-10 19:11:52.055869
Отключение от сайта https://smev3.gosuslugi.ru/portal/news.jsp 2022-01-10 19:11:54.167398
Программа запущена. 2022-01-10 19:12:29.793232
Подключение к сайту https://smev3.gosuslugi.ru/portal/news.jsp 2022-01-10 19:12:31.891620
Подключение прошло успешно2022-01-10 19:12:33.318869
Отключение от сайта https://smev3.gosuslugi.ru/portal/news.jsp 2022-01-10 19:12:34.783422
Программа запущена. 2022-01-10 19:13:06.483623
Подключение к сайту https://smev3.gosuslugi.ru/portal/news.jsp 2022-01-10 19:13:08.072773
Подключение прошло успешно2022-01-10 19:13:09.520671
Сообщение успешно отправлено
Сообщение успешно отправлено
Отключение от сайта https://smev3.gosuslugi.ru/portal/news.jsp 2022-01-10 19:13:14.673158
Отключение прошло успешно. 2022-01-10 19:13:14.763899
Сообщение успешно отправлено
Сообщение успешно отправлено
Программа выполнена. 2022-01-10 19:14:18.693335

Программа запущена. 2022-01-10 19:16:29.584566
Подключение к сайту https://smev3.gosuslugi.ru/portal/news.jsp 2022-01-10 19:16:31.289538
Подключение прошло успешно2022-01-10 19:16:32.585757
На странице https://smev3.gosuslugi.ru/portal/news.jsp новых новостей не обнаружено. 2022-01-10 19:16:35.259872
Отключение от сайта https://smev3.gosuslugi.ru/portal/news.jsp 2022-01-10 19:16:35.259872
Отключение прошло успешно. 2022-01-10 19:16:35.343363
Сообщение успешно отправлено
Сообщение успешно отправлено
Программа выполнена. 2022-01-10 19:18:11.558140

